#
# A fatal error has been detected by the Java Runtime Environment:
#
#  SIGBUS (0xa) at pc=0x000000010e77080c, pid=71378, tid=0x0000000000001103
#
# JRE version: Java(TM) SE Runtime Environment (8.0_212-b10) (build 1.8.0_212-b10)
# Java VM: Java HotSpot(TM) 64-Bit Server VM (25.212-b10 mixed mode bsd-amd64 compressed oops)
# Problematic frame:
# j  ProtocolCodec.toString()Ljava/lang/String;+0
#
# Failed to write core dump. Core dumps have been disabled. To enable core dumping, try "ulimit -c unlimited" before starting Java again
#
# If you would like to submit a bug report, please visit:
#   http://bugreport.java.com/bugreport/crash.jsp
#

---------------  T H R E A D  ---------------

Current thread (0x00007fe169009800):  JavaThread "main" [_thread_in_Java, id=4355, stack(0x000070000a7fc000,0x000070000a8fc000)]

siginfo: si_signo: 10 (SIGBUS), si_code: 2 (BUS_ADRERR), si_addr: 0x000070000a7fcfe8

Registers:
RAX=0x000000010d31c808, RBX=0x000000010d316dc0, RCX=0x00000000000000e8, RDX=0x000000010d317f30
RSP=0x000070000a810fe8, RBP=0x000070000a811028, RSI=0x00000007957fc550, RDI=0x0000000795810374
R8 =0x0000000000000022, R9 =0x0000000000000013, R10=0x000000010b8fd820, R11=0x000000010e8920c0
R12=0x0000000000000000, R13=0x000000010d316d88, R14=0x000070000a811038, R15=0x00007fe169009800
RIP=0x000000010e77080c, EFLAGS=0x0000000000010206, ERR=0x0000000000000006
  TRAPNO=0x000000000000000e

Top of Stack: (sp=0x000070000a810fe8)
0x000070000a810fe8:   000070000a810fe8 000000010d316d88
0x000070000a810ff8:   000070000a811038 000000010d317f30
0x000070000a811008:   000000010d31c908 000000010d316dc0
0x000070000a811018:   0000000000000000 000070000a811038
0x000070000a811028:   000070000a811088 000000010e75f0e0
0x000070000a811038:   00000007957fc550 00000007963e5d88
0x000070000a811048:   000070000a811048 000000010d316d98
0x000070000a811058:   000070000a811098 000000010d317f30
0x000070000a811068:   000000010d31c9a8 000000010d316dc0
0x000070000a811078:   000070000a811038 000070000a811098
0x000070000a811088:   000070000a8110e8 000000010e75f0e0
0x000070000a811098:   00000007957fc550 00000007963e5ce8
0x000070000a8110a8:   000070000a8110a8 000000010d316d98
0x000070000a8110b8:   000070000a8110f8 000000010d317f30
0x000070000a8110c8:   000000010d31c9a8 000000010d316dc0
0x000070000a8110d8:   000070000a811098 000070000a8110f8
0x000070000a8110e8:   000070000a811148 000000010e75f0e0
0x000070000a8110f8:   00000007957fc550 00000007963e5c48
0x000070000a811108:   000070000a811108 000000010d316d98
0x000070000a811118:   000070000a811158 000000010d317f30
0x000070000a811128:   000000010d31c9a8 000000010d316dc0
0x000070000a811138:   000070000a8110f8 000070000a811158
0x000070000a811148:   000070000a8111a8 000000010e75f0e0
0x000070000a811158:   00000007957fc550 00000007963e5ba8
0x000070000a811168:   000070000a811168 000000010d316d98
0x000070000a811178:   000070000a8111b8 000000010d317f30
0x000070000a811188:   000000010d31c9a8 000000010d316dc0
0x000070000a811198:   000070000a811158 000070000a8111b8
0x000070000a8111a8:   000070000a811208 000000010e75f0e0
0x000070000a8111b8:   00000007957fc550 00000007963e5b08
0x000070000a8111c8:   000070000a8111c8 000000010d316d98
0x000070000a8111d8:   000070000a811218 000000010d317f30 

Instructions: (pc=0x000000010e77080c)
0x000000010e7707ec:   00 10 ff ff 89 84 24 00 00 ff ff 89 84 24 00 f0
0x000000010e7707fc:   fe ff 89 84 24 00 e0 fe ff 89 84 24 00 d0 fe ff
0x000000010e77080c:   89 84 24 00 c0 fe ff 41 c6 87 95 02 00 00 00 41
0x000000010e77081c:   8b 97 98 03 00 00 85 d2 0f 84 25 01 00 00 e8 05 

Register to memory mapping:

RAX=0x000000010d31c808 is pointing into metadata
RBX={method} {0x000000010d316dc0} 'toString' '()Ljava/lang/String;' in 'com/dz/protocal/codec/ProtocolNode'
RCX=0x00000000000000e8 is an unknown value
RDX=0x000000010d317f30 is pointing into metadata
RSP=0x000070000a810fe8 is pointing into the stack for thread: 0x00007fe169009800
RBP=0x000070000a811028 is pointing into the stack for thread: 0x00007fe169009800
RSI=0x00000007957fc550 is an oop
LampRequestData
 - klass: 'com/dz/protocal/codec/protocols/LampRequestData'
RDI=0x0000000795810374 is an unknown value
R8 =0x0000000000000022 is an unknown value
R9 =0x0000000000000013 is an unknown value
R10=0x000000010b8fd820: _ZN19TemplateInterpreter20_invoke_return_entryE+0 in /Library/Java/JavaVirtualMachines/jdk1.8.0_212.jdk/Contents/Home/jre/lib/server/libjvm.dylib at 0x000000010b000000
R11=0x000000010e8920c0 is at entry_point+32 in (nmethod*)0x000000010e891f50
R12=0x0000000000000000 is an unknown value
R13=0x000000010d316d88 is pointing into metadata
R14=0x000070000a811038 is pointing into the stack for thread: 0x00007fe169009800
R15=0x00007fe169009800 is a thread


Stack: [0x000070000a7fc000,0x000070000a8fc000],  sp=0x000070000a810fe8,  free space=83k
Native frames: (J=compiled Java code, j=interpreted, Vv=VM code, C=native code)
j  ProtocolCodec.toString()Ljava/lang/String;+0
j  ProtocolCodec.toString()Ljava/lang/String;+16
j  ProtocolCodec.toString()Ljava/lang/String;+16
j  ProtocolCodec.toString()Ljava/lang/String;+16
j  ProtocolCodec.toString()Ljava/lang/String;+16
j  ProtocolCodec.toString()Ljava/lang/String;+16
j  ProtocolCodec.toString()Ljava/lang/String;+16
j  ProtocolCodec.toString()Ljava/lang/String;+16
j  ProtocolCodec.toString()Ljava/lang/String;+16
j  ProtocolCodec.toString()Ljava/lang/String;+16
j  ProtocolCodec.toString()Ljava/lang/String;+16
j  ProtocolCodec.toString()Ljava/lang/String;+16
j  ProtocolCodec.toString()Ljava/lang/String;+16
j  ProtocolCodec.toString()Ljava/lang/String;+16
j  ProtocolCodec.toString()Ljava/lang/String;+16
j  ProtocolCodec.toString()Ljava/lang/String;+16
j  ProtocolCodec.toString()Ljava/lang/String;+16
j  ProtocolCodec.toString()Ljava/lang/String;+16
j  ProtocolCodec.toString()Ljava/lang/String;+16
j  ProtocolCodec.toString()Ljava/lang/String;+16
j  ProtocolCodec.toString()Ljava/lang/String;+16
j  ProtocolCodec.toString()Ljava/lang/String;+16
j  ProtocolCodec.toString()Ljava/lang/String;+16
j  ProtocolCodec.toString()Ljava/lang/String;+16
j  ProtocolCodec.toString()Ljava/lang/String;+16
j  ProtocolCodec.toString()Ljava/lang/String;+16
j  ProtocolCodec.toString()Ljava/lang/String;+16
j  ProtocolCodec.toString()Ljava/lang/String;+16
j  ProtocolCodec.toString()Ljava/lang/String;+16
j  ProtocolCodec.toString()Ljava/lang/String;+16
j  ProtocolCodec.toString()Ljava/lang/String;+16
j  ProtocolCodec.toString()Ljava/lang/String;+16
j  ProtocolCodec.toString()Ljava/lang/String;+16
j  ProtocolCodec.toString()Ljava/lang/String;+16
j  ProtocolCodec.toString()Ljava/lang/String;+16
j  ProtocolCodec.toString()Ljava/lang/String;+16
j  ProtocolCodec.toString()Ljava/lang/String;+16
j  ProtocolCodec.toString()Ljava/lang/String;+16
j  ProtocolCodec.toString()Ljava/lang/String;+16
j  ProtocolCodec.toString()Ljava/lang/String;+16
j  ProtocolCodec.toString()Ljava/lang/String;+16
j  ProtocolCodec.toString()Ljava/lang/String;+16
j  ProtocolCodec.toString()Ljava/lang/String;+16
j  ProtocolCodec.toString()Ljava/lang/String;+16
j  ProtocolCodec.toString()Ljava/lang/String;+16
j  ProtocolCodec.toString()Ljava/lang/String;+16
j  ProtocolCodec.toString()Ljava/lang/String;+16
j  ProtocolCodec.toString()Ljava/lang/String;+16
j  ProtocolCodec.toString()Ljava/lang/String;+16
j  ProtocolCodec.toString()Ljava/lang/String;+16
j  ProtocolCodec.toString()Ljava/lang/String;+16
j  ProtocolCodec.toString()Ljava/lang/String;+16
j  ProtocolCodec.toString()Ljava/lang/String;+16
j  ProtocolCodec.toString()Ljava/lang/String;+16
j  ProtocolCodec.toString()Ljava/lang/String;+16
j  ProtocolCodec.toString()Ljava/lang/String;+16
j  ProtocolCodec.toString()Ljava/lang/String;+16
j  ProtocolCodec.toString()Ljava/lang/String;+16
j  ProtocolCodec.toString()Ljava/lang/String;+16
j  ProtocolCodec.toString()Ljava/lang/String;+16
j  ProtocolCodec.toString()Ljava/lang/String;+16
j  ProtocolCodec.toString()Ljava/lang/String;+16
j  ProtocolCodec.toString()Ljava/lang/String;+16
j  ProtocolCodec.toString()Ljava/lang/String;+16
j  ProtocolCodec.toString()Ljava/lang/String;+16
j  ProtocolCodec.toString()Ljava/lang/String;+16
j  ProtocolCodec.toString()Ljava/lang/String;+16
j  ProtocolCodec.toString()Ljava/lang/String;+16
j  ProtocolCodec.toString()Ljava/lang/String;+16
j  ProtocolCodec.toString()Ljava/lang/String;+16
j  ProtocolCodec.toString()Ljava/lang/String;+16
j  ProtocolCodec.toString()Ljava/lang/String;+16
j  ProtocolCodec.toString()Ljava/lang/String;+16
j  ProtocolCodec.toString()Ljava/lang/String;+16
j  ProtocolCodec.toString()Ljava/lang/String;+16
j  ProtocolCodec.toString()Ljava/lang/String;+16
j  ProtocolCodec.toString()Ljava/lang/String;+16
j  ProtocolCodec.toString()Ljava/lang/String;+16
j  ProtocolCodec.toString()Ljava/lang/String;+16
j  ProtocolCodec.toString()Ljava/lang/String;+16
j  ProtocolCodec.toString()Ljava/lang/String;+16
j  ProtocolCodec.toString()Ljava/lang/String;+16
j  ProtocolCodec.toString()Ljava/lang/String;+16
j  ProtocolCodec.toString()Ljava/lang/String;+16
j  ProtocolCodec.toString()Ljava/lang/String;+16
j  ProtocolCodec.toString()Ljava/lang/String;+16
j  ProtocolCodec.toString()Ljava/lang/String;+16
j  ProtocolCodec.toString()Ljava/lang/String;+16
j  ProtocolCodec.toString()Ljava/lang/String;+16
j  ProtocolCodec.toString()Ljava/lang/String;+16
j  ProtocolCodec.toString()Ljava/lang/String;+16
j  ProtocolCodec.toString()Ljava/lang/String;+16
j  ProtocolCodec.toString()Ljava/lang/String;+16
j  ProtocolCodec.toString()Ljava/lang/String;+16
j  ProtocolCodec.toString()Ljava/lang/String;+16
j  ProtocolCodec.toString()Ljava/lang/String;+16
j  ProtocolCodec.toString()Ljava/lang/String;+16
j  ProtocolCodec.toString()Ljava/lang/String;+16
j  ProtocolCodec.toString()Ljava/lang/String;+16
j  ProtocolCodec.toString()Ljava/lang/String;+16
...<more frames>...


---------------  P R O C E S S  ---------------

Java Threads: ( => current thread )
  0x00007fe169868800 JavaThread "Service Thread" daemon [_thread_blocked, id=15875, stack(0x000070000b82f000,0x000070000b92f000)]
  0x00007fe168076800 JavaThread "C1 CompilerThread2" daemon [_thread_blocked, id=17923, stack(0x000070000b72c000,0x000070000b82c000)]
  0x00007fe169858000 JavaThread "C2 CompilerThread1" daemon [_thread_blocked, id=15107, stack(0x000070000b629000,0x000070000b729000)]
  0x00007fe169025000 JavaThread "C2 CompilerThread0" daemon [_thread_in_native, id=14851, stack(0x000070000b526000,0x000070000b626000)]
  0x00007fe168841000 JavaThread "JDWP Event Helper Thread" daemon [_thread_blocked, id=14339, stack(0x000070000b320000,0x000070000b420000)]
  0x00007fe16982f000 JavaThread "Signal Dispatcher" daemon [_thread_blocked, id=13571, stack(0x000070000b11a000,0x000070000b21a000)]
  0x00007fe16882f800 JavaThread "Finalizer" daemon [_thread_blocked, id=12291, stack(0x000070000af11000,0x000070000b011000)]
  0x00007fe168030800 JavaThread "Reference Handler" daemon [_thread_blocked, id=11779, stack(0x000070000ae0e000,0x000070000af0e000)]
=>0x00007fe169009800 JavaThread "main" [_thread_in_Java, id=4355, stack(0x000070000a7fc000,0x000070000a8fc000)]

Other Threads:
  0x00007fe16882e800 VMThread [stack: 0x000070000ad0b000,0x000070000ae0b000] [id=11267]
  0x00007fe16982e800 WatcherThread [stack: 0x000070000b932000,0x000070000ba32000] [id=16131]

VM state:not at safepoint (normal execution)

VM Mutex/Monitor currently owned by a thread: None

OutOfMemory and StackOverflow Exception counts:
StackOverflowErrors=6

heap address: 0x0000000740000000, size: 2048 MB, Compressed Oops mode: Zero based, Oop shift amount: 3
Narrow klass base: 0x0000000000000000, Narrow klass shift: 3
Compressed class space size: 1073741824 Address: 0x00000007c0000000

Heap:
 PSYoungGen      total 38400K, used 15317K [0x0000000795580000, 0x0000000798000000, 0x00000007c0000000)
  eden space 33280K, 46% used [0x0000000795580000,0x0000000796475410,0x0000000797600000)
  from space 5120K, 0% used [0x0000000797b00000,0x0000000797b00000,0x0000000798000000)
  to   space 5120K, 0% used [0x0000000797600000,0x0000000797600000,0x0000000797b00000)
 ParOldGen       total 87552K, used 0K [0x0000000740000000, 0x0000000745580000, 0x0000000795580000)
  object space 87552K, 0% used [0x0000000740000000,0x0000000740000000,0x0000000745580000)
 Metaspace       used 3310K, capacity 4652K, committed 4864K, reserved 1056768K
  class space    used 360K, capacity 424K, committed 512K, reserved 1048576K

Card table byte_map: [0x000000010c430000,0x000000010c831000] byte_map_base: 0x0000000108a30000

Marking Bits: (ParMarkBitMap*) 0x000000010b8fbe40
 Begin Bits: [0x000000011d757000, 0x000000011f757000)
 End Bits:   [0x000000011f757000, 0x0000000121757000)

Polling page: 0x000000010a7ec000

CodeCache: size=245760Kb used=1259Kb max_used=1259Kb free=244500Kb
 bounds [0x000000010e757000, 0x000000010e9c7000, 0x000000011d757000]
 total_blobs=328 nmethods=92 adapters=158
 compilation: enabled

Compilation events (10 events):
Event: 8.770 Thread 0x00007fe168076800 nmethod 87 0x000000010e890d90 code [0x000000010e890f00, 0x000000010e891110]
Event: 8.770 Thread 0x00007fe168076800   88       3       sun.misc.ProxyGenerator$ConstantPool$Entry::<init> (5 bytes)
Event: 8.770 Thread 0x00007fe168076800 nmethod 88 0x000000010e891210 code [0x000000010e891380, 0x000000010e891530]
Event: 8.770 Thread 0x00007fe168076800   84       3       java.util.HashMap::put (13 bytes)
Event: 8.771 Thread 0x00007fe168076800 nmethod 84 0x000000010e8915d0 code [0x000000010e891760, 0x000000010e891b38]
Event: 8.771 Thread 0x00007fe168076800   82       1       java.lang.reflect.Method::getName (5 bytes)
Event: 8.771 Thread 0x00007fe168076800 nmethod 82 0x000000010e891c90 code [0x000000010e891de0, 0x000000010e891ef0]
Event: 84.235 Thread 0x00007fe168076800   92       1       ProtocolCodec::getValue (5 bytes)
Event: 84.236 Thread 0x00007fe169025000   93       4       ProtocolCodec::toString (31 bytes)
Event: 84.236 Thread 0x00007fe168076800 nmethod 92 0x000000010e891f50 code [0x000000010e8920a0, 0x000000010e8921b0]

GC Heap History (0 events):
No events

Deoptimization events (0 events):
No events

Classes redefined (0 events):
No events

Internal exceptions (10 events):
Event: 8.745 Thread 0x00007fe169009800 Exception <a 'java/lang/StackOverflowError'> (0x0000000795a397f8) thrown at [/Users/java_re/workspace/8-2-build-macosx-x86_64/jdk8u212/12974/hotspot/src/share/vm/interpreter/interpreterRuntime.cpp, line 325]
Event: 14.121 Thread 0x00007fe169009800 StackOverflowError at 0x000000010e886840
Event: 14.121 Thread 0x00007fe169009800 Exception <a 'java/lang/StackOverflowError'> (0x0000000795c41090) thrown at [/Users/java_re/workspace/8-2-build-macosx-x86_64/jdk8u212/12974/hotspot/src/share/vm/runtime/sharedRuntime.cpp, line 605]
Event: 22.278 Thread 0x00007fe169009800 Exception <a 'java/lang/StackOverflowError'> (0x0000000795dc7908) thrown at [/Users/java_re/workspace/8-2-build-macosx-x86_64/jdk8u212/12974/hotspot/src/share/vm/interpreter/interpreterRuntime.cpp, line 325]
Event: 33.127 Thread 0x00007fe169009800 StackOverflowError at 0x000000010e886840
Event: 33.127 Thread 0x00007fe169009800 Exception <a 'java/lang/StackOverflowError'> (0x0000000795f4e148) thrown at [/Users/java_re/workspace/8-2-build-macosx-x86_64/jdk8u212/12974/hotspot/src/share/vm/runtime/sharedRuntime.cpp, line 605]
Event: 44.303 Thread 0x00007fe169009800 StackOverflowError at 0x000000010e886840
Event: 44.303 Thread 0x00007fe169009800 Exception <a 'java/lang/StackOverflowError'> (0x00000007960d4938) thrown at [/Users/java_re/workspace/8-2-build-macosx-x86_64/jdk8u212/12974/hotspot/src/share/vm/runtime/sharedRuntime.cpp, line 605]
Event: 54.119 Thread 0x00007fe169009800 StackOverflowError at 0x000000010e886840
Event: 54.119 Thread 0x00007fe169009800 Exception <a 'java/lang/StackOverflowError'> (0x000000079625b310) thrown at [/Users/java_re/workspace/8-2-build-macosx-x86_64/jdk8u212/12974/hotspot/src/share/vm/runtime/sharedRuntime.cpp, line 605]

Events (10 events):
Event: 84.234 Thread 0x00007fe168031000 Thread exited: 0x00007fe168031000
Event: 84.234 Executing VM operation: ChangeBreakpoints
Event: 84.234 Executing VM operation: ChangeBreakpoints done
Event: 84.234 Executing VM operation: ChangeBreakpoints
Event: 84.234 Executing VM operation: ChangeBreakpoints done
Event: 84.234 Executing VM operation: ChangeBreakpoints
Event: 84.234 Executing VM operation: ChangeBreakpoints done
Event: 84.234 Executing VM operation: ChangeBreakpoints
Event: 84.234 Executing VM operation: ChangeBreakpoints done
Event: 84.236 Thread 0x00007fe168840000 Thread exited: 0x00007fe168840000


Dynamic libraries:
0x00007fff3363c000 	/System/Library/Frameworks/Cocoa.framework/Versions/A/Cocoa
0x00007fff40e31000 	/System/Library/Frameworks/Security.framework/Versions/A/Security
0x00007fff325a1000 	/System/Library/Frameworks/ApplicationServices.framework/Versions/A/ApplicationServices
0x00007fff6daed000 	/usr/lib/libz.1.dylib
0x00007fff6b5b1000 	/usr/lib/libSystem.B.dylib
0x00007fff6d411000 	/usr/lib/libobjc.A.dylib
0x00007fff344de000 	/System/Library/Frameworks/CoreFoundation.framework/Versions/A/CoreFoundation
0x00007fff36b9b000 	/System/Library/Frameworks/Foundation.framework/Versions/C/Foundation
0x00007fff31791000 	/System/Library/Frameworks/AppKit.framework/Versions/C/AppKit
0x00007fff33fc0000 	/System/Library/Frameworks/CoreData.framework/Versions/A/CoreData
0x00007fff655c7000 	/System/Library/PrivateFrameworks/UIFoundation.framework/Versions/A/UIFoundation
0x00007fff6065b000 	/System/Library/PrivateFrameworks/RemoteViewServices.framework/Versions/A/RemoteViewServices
0x00007fff68121000 	/System/Library/PrivateFrameworks/XCTTargetBootstrap.framework/Versions/A/XCTTargetBootstrap
0x00007fff343ab000 	/System/Library/Frameworks/CoreDisplay.framework/Versions/A/CoreDisplay
0x00007fff39a55000 	/System/Library/Frameworks/Metal.framework/Versions/A/Metal
0x00007fff4e648000 	/System/Library/PrivateFrameworks/DesktopServicesPriv.framework/Versions/A/DesktopServicesPriv
0x00007fff6c6ec000 	/usr/lib/liblangid.dylib
0x00007fff4d8dd000 	/System/Library/PrivateFrameworks/CoreSVG.framework/Versions/A/CoreSVG
0x00007fff637b7000 	/System/Library/PrivateFrameworks/SkyLight.framework/Versions/A/SkyLight
0x00007fff3495f000 	/System/Library/Frameworks/CoreGraphics.framework/Versions/A/CoreGraphics
0x00007fff30165000 	/System/Library/Frameworks/Accelerate.framework/Versions/A/Accelerate
0x00007fff6d9de000 	/usr/lib/libxml2.2.dylib
0x00007fff595e6000 	/System/Library/PrivateFrameworks/IconServices.framework/Versions/A/IconServices
0x00007fff3737a000 	/System/Library/Frameworks/IOSurface.framework/Versions/A/IOSurface
0x00007fff6b0db000 	/usr/lib/libDiagnosticMessagesClient.dylib
0x00007fff4e4a2000 	/System/Library/PrivateFrameworks/DFRFoundation.framework/Versions/A/DFRFoundation
0x00007fff6c47b000 	/usr/lib/libicucore.A.dylib
0x00007fff328d3000 	/System/Library/Frameworks/AudioToolbox.framework/Versions/A/AudioToolbox
0x00007fff329b6000 	/System/Library/Frameworks/AudioUnit.framework/Versions/A/AudioUnit
0x00007fff6b7b3000 	/usr/lib/libauto.dylib
0x00007fff4e544000 	/System/Library/PrivateFrameworks/DataDetectorsCore.framework/Versions/A/DataDetectorsCore
0x00007fff3315d000 	/System/Library/Frameworks/Carbon.framework/Versions/A/Frameworks/HIToolbox.framework/Versions/A/HIToolbox
0x00007fff4002d000 	/System/Library/Frameworks/QuartzCore.framework/Versions/A/QuartzCore
0x00007fff3349c000 	/System/Library/Frameworks/Carbon.framework/Versions/A/Frameworks/SpeechRecognition.framework/Versions/A/SpeechRecognition
0x00007fff4dfb6000 	/System/Library/PrivateFrameworks/CoreUI.framework/Versions/A/CoreUI
0x00007fff33a2b000 	/System/Library/Frameworks/CoreAudio.framework/Versions/A/CoreAudio
0x00007fff3685a000 	/System/Library/Frameworks/DiskArbitration.framework/Versions/A/DiskArbitration
0x00007fff5b636000 	/System/Library/PrivateFrameworks/MultitouchSupport.framework/Versions/A/MultitouchSupport
0x00007fff6c342000 	/usr/lib/libenergytrace.dylib
0x00007fff372d4000 	/System/Library/Frameworks/IOKit.framework/Versions/A/IOKit
0x00007fff358c6000 	/System/Library/Frameworks/CoreServices.framework/Versions/A/CoreServices
0x00007fff5d7ee000 	/System/Library/PrivateFrameworks/PerformanceAnalysis.framework/Versions/A/PerformanceAnalysis
0x00007fff3f060000 	/System/Library/Frameworks/OpenGL.framework/Versions/A/OpenGL
0x00007fff3364a000 	/System/Library/Frameworks/ColorSync.framework/Versions/A/ColorSync
0x00007fff34fe2000 	/System/Library/Frameworks/CoreImage.framework/Versions/A/CoreImage
0x00007fff36339000 	/System/Library/Frameworks/CoreText.framework/Versions/A/CoreText
0x00007fff3740a000 	/System/Library/Frameworks/ImageIO.framework/Versions/A/ImageIO
0x00007fff6b897000 	/usr/lib/libc++.1.dylib
0x00007fff6b913000 	/usr/lib/libcompression.dylib
0x00007fff6b41f000 	/usr/lib/libMobileGestalt.dylib
0x00007fff65331000 	/System/Library/PrivateFrameworks/TextureIO.framework/Versions/A/TextureIO
0x00007fff6b716000 	/usr/lib/libate.dylib
0x00007fff597ef000 	/System/Library/PrivateFrameworks/InternationalSupport.framework/Versions/A/InternationalSupport
0x00007fff6e3ae000 	/usr/lib/system/libcache.dylib
0x00007fff6e3b4000 	/usr/lib/system/libcommonCrypto.dylib
0x00007fff6e3c0000 	/usr/lib/system/libcompiler_rt.dylib
0x00007fff6e3c8000 	/usr/lib/system/libcopyfile.dylib
0x00007fff6e3d2000 	/usr/lib/system/libcorecrypto.dylib
0x00007fff6e571000 	/usr/lib/system/libdispatch.dylib
0x00007fff6e5b2000 	/usr/lib/system/libdyld.dylib
0x00007fff6e5e9000 	/usr/lib/system/libkeymgr.dylib
0x00007fff6e5f7000 	/usr/lib/system/liblaunch.dylib
0x00007fff6e5f8000 	/usr/lib/system/libmacho.dylib
0x00007fff6e5fe000 	/usr/lib/system/libquarantine.dylib
0x00007fff6e601000 	/usr/lib/system/libremovefile.dylib
0x00007fff6e603000 	/usr/lib/system/libsystem_asl.dylib
0x00007fff6e61b000 	/usr/lib/system/libsystem_blocks.dylib
0x00007fff6e61c000 	/usr/lib/system/libsystem_c.dylib
0x00007fff6e6a4000 	/usr/lib/system/libsystem_configuration.dylib
0x00007fff6e6a8000 	/usr/lib/system/libsystem_coreservices.dylib
0x00007fff6e6ac000 	/usr/lib/system/libsystem_darwin.dylib
0x00007fff6e6b5000 	/usr/lib/system/libsystem_dnssd.dylib
0x00007fff6e6bd000 	/usr/lib/system/libsystem_featureflags.dylib
0x00007fff6e6bf000 	/usr/lib/system/libsystem_info.dylib
0x00007fff6e73a000 	/usr/lib/system/libsystem_m.dylib
0x00007fff6e782000 	/usr/lib/system/libsystem_malloc.dylib
0x00007fff6e7aa000 	/usr/lib/system/libsystem_networkextension.dylib
0x00007fff6e7b8000 	/usr/lib/system/libsystem_notify.dylib
0x00007fff6e7d6000 	/usr/lib/system/libsystem_sandbox.dylib
0x00007fff6e7db000 	/usr/lib/system/libsystem_secinit.dylib
0x00007fff6e70d000 	/usr/lib/system/libsystem_kernel.dylib
0x00007fff6e7c2000 	/usr/lib/system/libsystem_platform.dylib
0x00007fff6e7cb000 	/usr/lib/system/libsystem_pthread.dylib
0x00007fff6e7de000 	/usr/lib/system/libsystem_symptoms.dylib
0x00007fff6e7e6000 	/usr/lib/system/libsystem_trace.dylib
0x00007fff6e7fe000 	/usr/lib/system/libunwind.dylib
0x00007fff6e804000 	/usr/lib/system/libxpc.dylib
0x00007fff6b8ea000 	/usr/lib/libc++abi.dylib
0x00007fff6c6ee000 	/usr/lib/liblzma.5.dylib
0x00007fff6c369000 	/usr/lib/libfakelink.dylib
0x00007fff6b6a3000 	/usr/lib/libarchive.2.dylib
0x00007fff41ee2000 	/System/Library/Frameworks/SystemConfiguration.framework/Versions/A/SystemConfiguration
0x00007fff6b00e000 	/usr/lib/libCRFSuite.dylib
0x00007fff32d4d000 	/System/Library/Frameworks/CFNetwork.framework/Versions/A/CFNetwork
0x00007fff6b879000 	/usr/lib/libbsm.0.dylib
0x00007fff6e5ea000 	/usr/lib/system/libkxld.dylib
0x00007fff47e1f000 	/System/Library/PrivateFrameworks/AppleFSCompression.framework/Versions/A/AppleFSCompression
0x00007fff6bc04000 	/usr/lib/libcoretls.dylib
0x00007fff6bc1b000 	/usr/lib/libcoretls_cfhelpers.dylib
0x00007fff6d457000 	/usr/lib/libpam.2.dylib
0x00007fff6d58c000 	/usr/lib/libsqlite3.dylib
0x00007fff6d9cb000 	/usr/lib/libxar.1.dylib
0x00007fff6b88a000 	/usr/lib/libbz2.1.0.dylib
0x00007fff6c38a000 	/usr/lib/libiconv.2.dylib
0x00007fff6b900000 	/usr/lib/libcharset.1.dylib
0x00007fff6cef4000 	/usr/lib/libnetwork.dylib
0x00007fff6d45e000 	/usr/lib/libpcap.A.dylib
0x00007fff6b658000 	/usr/lib/libapple_nghttp2.dylib
0x00007fff35c7d000 	/System/Library/Frameworks/CoreServices.framework/Versions/A/Frameworks/FSEvents.framework/Versions/A/FSEvents
0x00007fff3594d000 	/System/Library/Frameworks/CoreServices.framework/Versions/A/Frameworks/CarbonCore.framework/Versions/A/CarbonCore
0x00007fff35ec1000 	/System/Library/Frameworks/CoreServices.framework/Versions/A/Frameworks/Metadata.framework/Versions/A/Metadata
0x00007fff35f5a000 	/System/Library/Frameworks/CoreServices.framework/Versions/A/Frameworks/OSServices.framework/Versions/A/OSServices
0x00007fff35f88000 	/System/Library/Frameworks/CoreServices.framework/Versions/A/Frameworks/SearchKit.framework/Versions/A/SearchKit
0x00007fff358c7000 	/System/Library/Frameworks/CoreServices.framework/Versions/A/Frameworks/AE.framework/Versions/A/AE
0x00007fff35c86000 	/System/Library/Frameworks/CoreServices.framework/Versions/A/Frameworks/LaunchServices.framework/Versions/A/LaunchServices
0x00007fff35c2f000 	/System/Library/Frameworks/CoreServices.framework/Versions/A/Frameworks/DictionaryServices.framework/Versions/A/DictionaryServices
0x00007fff35ff0000 	/System/Library/Frameworks/CoreServices.framework/Versions/A/Frameworks/SharedFileList.framework/Versions/A/SharedFileList
0x00007fff3ae7f000 	/System/Library/Frameworks/NetFS.framework/Versions/A/NetFS
0x00007fff5bb66000 	/System/Library/PrivateFrameworks/NetAuth.framework/Versions/A/NetAuth
0x00007fff684ee000 	/System/Library/PrivateFrameworks/login.framework/Versions/A/Frameworks/loginsupport.framework/Versions/A/loginsupport
0x00007fff64dfc000 	/System/Library/PrivateFrameworks/TCC.framework/Versions/A/TCC
0x00007fff4ca50000 	/System/Library/PrivateFrameworks/CoreNLP.framework/Versions/A/CoreNLP
0x00007fff5b063000 	/System/Library/PrivateFrameworks/MetadataUtilities.framework/Versions/A/MetadataUtilities
0x00007fff6c7c6000 	/usr/lib/libmecabra.dylib
0x00007fff6c71e000 	/usr/lib/libmecab.dylib
0x00007fff6c37a000 	/usr/lib/libgermantok.dylib
0x00007fff6b63f000 	/usr/lib/libThaiTokenizer.dylib
0x00007fff6b045000 	/usr/lib/libChineseTokenizer.dylib
0x00007fff3017d000 	/System/Library/Frameworks/Accelerate.framework/Versions/A/Frameworks/vImage.framework/Versions/A/vImage
0x00007fff315e7000 	/System/Library/Frameworks/Accelerate.framework/Versions/A/Frameworks/vecLib.framework/Versions/A/vecLib
0x00007fff31524000 	/System/Library/Frameworks/Accelerate.framework/Versions/A/Frameworks/vecLib.framework/Versions/A/libvMisc.dylib
0x00007fff3134c000 	/System/Library/Frameworks/Accelerate.framework/Versions/A/Frameworks/vecLib.framework/Versions/A/libvDSP.dylib
0x00007fff307d4000 	/System/Library/Frameworks/Accelerate.framework/Versions/A/Frameworks/vecLib.framework/Versions/A/libBLAS.dylib
0x00007fff30f10000 	/System/Library/Frameworks/Accelerate.framework/Versions/A/Frameworks/vecLib.framework/Versions/A/libLAPACK.dylib
0x00007fff312ac000 	/System/Library/Frameworks/Accelerate.framework/Versions/A/Frameworks/vecLib.framework/Versions/A/libLinearAlgebra.dylib
0x00007fff31339000 	/System/Library/Frameworks/Accelerate.framework/Versions/A/Frameworks/vecLib.framework/Versions/A/libSparseBLAS.dylib
0x00007fff312c2000 	/System/Library/Frameworks/Accelerate.framework/Versions/A/Frameworks/vecLib.framework/Versions/A/libQuadrature.dylib
0x00007fff30a3c000 	/System/Library/Frameworks/Accelerate.framework/Versions/A/Frameworks/vecLib.framework/Versions/A/libBNNS.dylib
0x00007fff312c8000 	/System/Library/Frameworks/Accelerate.framework/Versions/A/Frameworks/vecLib.framework/Versions/A/libSparse.dylib
0x00007fff59bd7000 	/System/Library/PrivateFrameworks/LanguageModeling.framework/Versions/A/LanguageModeling
0x00007fff4c400000 	/System/Library/PrivateFrameworks/CoreEmoji.framework/Versions/A/CoreEmoji
0x00007fff59cf5000 	/System/Library/PrivateFrameworks/LinguisticData.framework/Versions/A/LinguisticData
0x00007fff59ca6000 	/System/Library/PrivateFrameworks/Lexicon.framework/Versions/A/Lexicon
0x00007fff6b901000 	/usr/lib/libcmph.dylib
0x00007fff3da6e000 	/System/Library/Frameworks/OpenDirectory.framework/Versions/A/Frameworks/CFOpenDirectory.framework/Versions/A/CFOpenDirectory
0x00007fff3da8b000 	/System/Library/Frameworks/OpenDirectory.framework/Versions/A/OpenDirectory
0x00007fff45ecc000 	/System/Library/PrivateFrameworks/APFS.framework/Versions/A/APFS
0x00007fff4117b000 	/System/Library/Frameworks/SecurityFoundation.framework/Versions/A/SecurityFoundation
0x00007fff6d9c7000 	/usr/lib/libutil.dylib
0x00007fff4d935000 	/System/Library/PrivateFrameworks/CoreServicesStore.framework/Versions/A/CoreServicesStore
0x00007fff41232000 	/System/Library/Frameworks/ServiceManagement.framework/Versions/A/ServiceManagement
0x00007fff495ef000 	/System/Library/PrivateFrameworks/BackgroundTaskManagement.framework/Versions/A/BackgroundTaskManagement
0x00007fff6dac4000 	/usr/lib/libxslt.1.dylib
0x00007fff48492000 	/System/Library/PrivateFrameworks/AppleSystemInfo.framework/Versions/A/AppleSystemInfo
0x00007fff37625000 	/System/Library/Frameworks/ImageIO.framework/Versions/A/Resources/libJPEG.dylib
0x00007fff378e3000 	/System/Library/Frameworks/ImageIO.framework/Versions/A/Resources/libTIFF.dylib
0x00007fff378c6000 	/System/Library/Frameworks/ImageIO.framework/Versions/A/Resources/libPng.dylib
0x00007fff37567000 	/System/Library/Frameworks/ImageIO.framework/Versions/A/Resources/libGIF.dylib
0x00007fff3756b000 	/System/Library/Frameworks/ImageIO.framework/Versions/A/Resources/libJP2.dylib
0x00007fff378e1000 	/System/Library/Frameworks/ImageIO.framework/Versions/A/Resources/libRadiance.dylib
0x00007fff6c343000 	/usr/lib/libexpat.1.dylib
0x00007fff47f7a000 	/System/Library/PrivateFrameworks/AppleJPEG.framework/Versions/A/AppleJPEG
0x00007fff50c4b000 	/System/Library/PrivateFrameworks/FontServices.framework/libFontParser.dylib
0x00007fff674f0000 	/System/Library/PrivateFrameworks/WatchdogClient.framework/Versions/A/WatchdogClient
0x00007fff59232000 	/System/Library/PrivateFrameworks/IOAccelerator.framework/Versions/A/IOAccelerator
0x00007fff39df0000 	/System/Library/Frameworks/MetalPerformanceShaders.framework/Versions/A/MetalPerformanceShaders
0x00007fff559c8000 	/System/Library/PrivateFrameworks/GPUWrangler.framework/Versions/A/GPUWrangler
0x00007fff59247000 	/System/Library/PrivateFrameworks/IOPresentment.framework/Versions/A/IOPresentment
0x00007fff4e4b5000 	/System/Library/PrivateFrameworks/DSExternalDisplay.framework/Versions/A/DSExternalDisplay
0x00007fff3e3ff000 	/System/Library/Frameworks/OpenGL.framework/Versions/A/Libraries/libCoreFSCache.dylib
0x00007fff39b3c000 	/System/Library/Frameworks/MetalPerformanceShaders.framework/Frameworks/MPSCore.framework/Versions/A/MPSCore
0x00007fff39b7a000 	/System/Library/Frameworks/MetalPerformanceShaders.framework/Frameworks/MPSImage.framework/Versions/A/MPSImage
0x00007fff39c41000 	/System/Library/Frameworks/MetalPerformanceShaders.framework/Frameworks/MPSNeuralNetwork.framework/Versions/A/MPSNeuralNetwork
0x00007fff39c05000 	/System/Library/Frameworks/MetalPerformanceShaders.framework/Frameworks/MPSMatrix.framework/Versions/A/MPSMatrix
0x00007fff39da0000 	/System/Library/Frameworks/MetalPerformanceShaders.framework/Frameworks/MPSRayIntersector.framework/Versions/A/MPSRayIntersector
0x00007fff39c2b000 	/System/Library/Frameworks/MetalPerformanceShaders.framework/Frameworks/MPSNDArray.framework/Versions/A/MPSNDArray
0x00007fff5b0b0000 	/System/Library/PrivateFrameworks/MetalTools.framework/Versions/A/MetalTools
0x00007fff470a6000 	/System/Library/PrivateFrameworks/AggregateDictionary.framework/Versions/A/AggregateDictionary
0x00007fff4be48000 	/System/Library/PrivateFrameworks/CoreAnalytics.framework/Versions/A/CoreAnalytics
0x00007fff483b1000 	/System/Library/PrivateFrameworks/AppleSauce.framework/Versions/A/AppleSauce
0x00007fff6b301000 	/usr/lib/libIOReport.dylib
0x00007fff364f1000 	/System/Library/Frameworks/CoreVideo.framework/Versions/A/CoreVideo
0x00007fff56e41000 	/System/Library/PrivateFrameworks/GraphVisualizer.framework/Versions/A/GraphVisualizer
0x00007fff50191000 	/System/Library/PrivateFrameworks/FaceCore.framework/Versions/A/FaceCore
0x00007fff3da15000 	/System/Library/Frameworks/OpenCL.framework/Versions/A/OpenCL
0x00007fff6b123000 	/usr/lib/libFosl_dynamic.dylib
0x00007fff5c586000 	/System/Library/PrivateFrameworks/OTSVG.framework/Versions/A/OTSVG
0x00007fff326a6000 	/System/Library/Frameworks/ApplicationServices.framework/Versions/A/Frameworks/ATS.framework/Versions/A/Resources/libFontRegistry.dylib
0x00007fff50e1c000 	/System/Library/PrivateFrameworks/FontServices.framework/libhvf.dylib
0x00007fff3e40a000 	/System/Library/Frameworks/OpenGL.framework/Versions/A/Libraries/libGFXShared.dylib
0x00007fff3e5e8000 	/System/Library/Frameworks/OpenGL.framework/Versions/A/Libraries/libGLU.dylib
0x00007fff3e413000 	/System/Library/Frameworks/OpenGL.framework/Versions/A/Libraries/libGL.dylib
0x00007fff3e41e000 	/System/Library/Frameworks/OpenGL.framework/Versions/A/Libraries/libGLImage.dylib
0x00007fff3e3fc000 	/System/Library/Frameworks/OpenGL.framework/Versions/A/Libraries/libCVMSPluginSupport.dylib
0x00007fff3e405000 	/System/Library/Frameworks/OpenGL.framework/Versions/A/Libraries/libCoreVMClient.dylib
0x00007fff6cd95000 	/usr/lib/libncurses.5.4.dylib
0x00007fff325a2000 	/System/Library/Frameworks/ApplicationServices.framework/Versions/A/Frameworks/ATS.framework/Versions/A/ATS
0x00007fff3276f000 	/System/Library/Frameworks/ApplicationServices.framework/Versions/A/Frameworks/ColorSyncLegacy.framework/Versions/A/ColorSyncLegacy
0x00007fff3280d000 	/System/Library/Frameworks/ApplicationServices.framework/Versions/A/Frameworks/HIServices.framework/Versions/A/HIServices
0x00007fff32865000 	/System/Library/Frameworks/ApplicationServices.framework/Versions/A/Frameworks/LangAnalysis.framework/Versions/A/LangAnalysis
0x00007fff32874000 	/System/Library/Frameworks/ApplicationServices.framework/Versions/A/Frameworks/PrintCore.framework/Versions/A/PrintCore
0x00007fff328ba000 	/System/Library/Frameworks/ApplicationServices.framework/Versions/A/Frameworks/QD.framework/Versions/A/QD
0x00007fff328c5000 	/System/Library/Frameworks/ApplicationServices.framework/Versions/A/Frameworks/SpeechSynthesis.framework/Versions/A/SpeechSynthesis
0x00007fff3273f000 	/System/Library/Frameworks/ApplicationServices.framework/Versions/A/Frameworks/ATSUI.framework/Versions/A/ATSUI
0x00007fff6c1d9000 	/usr/lib/libcups.2.dylib
0x00007fff38e8b000 	/System/Library/Frameworks/Kerberos.framework/Versions/A/Kerberos
0x00007fff36fcd000 	/System/Library/Frameworks/GSS.framework/Versions/A/GSS
0x00007fff6d518000 	/usr/lib/libresolv.9.dylib
0x00007fff56fee000 	/System/Library/PrivateFrameworks/Heimdal.framework/Versions/A/Heimdal
0x00007fff38e9e000 	/System/Library/Frameworks/Kerberos.framework/Versions/A/Libraries/libHeimdalProxy.dylib
0x00007fff6c380000 	/usr/lib/libheimdal-asn1.dylib
0x00007fff4b2e0000 	/System/Library/PrivateFrameworks/CommonAuth.framework/Versions/A/CommonAuth
0x00007fff4852f000 	/System/Library/PrivateFrameworks/AssertionServices.framework/Versions/A/AssertionServices
0x00007fff490d2000 	/System/Library/PrivateFrameworks/AudioToolboxCore.framework/Versions/A/AudioToolboxCore
0x00007fff6819e000 	/System/Library/PrivateFrameworks/caulk.framework/Versions/A/caulk
0x00007fff4969b000 	/System/Library/PrivateFrameworks/BaseBoard.framework/Versions/A/BaseBoard
0x00007fff607e9000 	/System/Library/PrivateFrameworks/RunningBoardServices.framework/Versions/A/RunningBoardServices
0x00007fff5d7fa000 	/System/Library/PrivateFrameworks/PersistentConnection.framework/Versions/A/PersistentConnection
0x00007fff601e2000 	/System/Library/PrivateFrameworks/ProtocolBuffer.framework/Versions/A/ProtocolBuffer
0x00007fff4b304000 	/System/Library/PrivateFrameworks/CommonUtilities.framework/Versions/A/CommonUtilities
0x00007fff49829000 	/System/Library/PrivateFrameworks/Bom.framework/Versions/A/Bom
0x00007fff6afd4000 	/usr/lib/libAudioToolboxUtility.dylib
0x00007fff495f9000 	/System/Library/PrivateFrameworks/Backup.framework/Versions/A/Backup
0x00007fff4e3d6000 	/System/Library/PrivateFrameworks/CrashReporterSupport.framework/Versions/A/CrashReporterSupport
0x00007fff6227b000 	/System/Library/PrivateFrameworks/Sharing.framework/Versions/A/Sharing
0x00007fff47b3d000 	/System/Library/PrivateFrameworks/Apple80211.framework/Versions/A/Apple80211
0x00007fff49316000 	/System/Library/PrivateFrameworks/AuthKit.framework/Versions/A/AuthKit
0x00007fff4e0e3000 	/System/Library/PrivateFrameworks/CoreUtils.framework/Versions/A/CoreUtils
0x00007fff36536000 	/System/Library/Frameworks/CoreWLAN.framework/Versions/A/CoreWLAN
0x00007fff3715a000 	/System/Library/Frameworks/IOBluetooth.framework/Versions/A/IOBluetooth
0x00007fff5b3b5000 	/System/Library/PrivateFrameworks/MobileKeyBag.framework/Versions/A/MobileKeyBag
0x00007fff4cee8000 	/System/Library/PrivateFrameworks/CorePhoneNumbers.framework/Versions/A/CorePhoneNumbers
0x00007fff47f2d000 	/System/Library/PrivateFrameworks/AppleIDAuthSupport.framework/Versions/A/AppleIDAuthSupport
0x00007fff3ae8c000 	/System/Library/Frameworks/Network.framework/Versions/A/Network
0x00007fff59a83000 	/System/Library/PrivateFrameworks/KeychainCircle.framework/Versions/A/KeychainCircle
0x00007fff33f87000 	/System/Library/Frameworks/CoreBluetooth.framework/Versions/A/CoreBluetooth
0x00007fff642fa000 	/System/Library/PrivateFrameworks/SpeechRecognitionCore.framework/Versions/A/SpeechRecognitionCore
0x00007fff275a9000 	/System/Library/CoreServices/Encodings/libSimplifiedChineseConverter.dylib
0x000000010b000000 	/Library/Java/JavaVirtualMachines/jdk1.8.0_212.jdk/Contents/Home/jre/lib/server/libjvm.dylib
0x00007fff6d89a000 	/usr/lib/libstdc++.6.dylib
0x000000010a7a8000 	/Library/Java/JavaVirtualMachines/jdk1.8.0_212.jdk/Contents/Home/jre/lib/libverify.dylib
0x000000010a7b6000 	/Library/Java/JavaVirtualMachines/jdk1.8.0_212.jdk/Contents/Home/jre/lib/libjava.dylib
0x000000010bfb9000 	/Library/Java/JavaVirtualMachines/jdk1.8.0_212.jdk/Contents/Home/jre/lib/libjdwp.dylib
0x000000010a7ed000 	/Library/Java/JavaVirtualMachines/jdk1.8.0_212.jdk/Contents/Home/jre/lib/libnpt.dylib
0x000000010c004000 	/Library/Java/JavaVirtualMachines/jdk1.8.0_212.jdk/Contents/Home/jre/lib/libinstrument.dylib
0x000000010c067000 	/Library/Java/JavaVirtualMachines/jdk1.8.0_212.jdk/Contents/Home/jre/lib/libzip.dylib
0x000000010d8f5000 	/Library/Java/JavaVirtualMachines/jdk1.8.0_212.jdk/Contents/Home/jre/lib/libdt_socket.dylib

VM Arguments:
jvm_args: -agentlib:jdwp=transport=dt_socket,address=127.0.0.1:50212,suspend=y,server=n -javaagent:/Users/zhaoqing/Library/Caches/IntelliJIdea2019.3/captureAgent/debugger-agent.jar -Dfile.encoding=UTF-8 
java_command: LampRequestProtocolCodec
java_class_path (initial): /Library/Java/JavaVirtualMachines/jdk1.8.0_212.jdk/Contents/Home/jre/lib/charsets.jar:/Library/Java/JavaVirtualMachines/jdk1.8.0_212.jdk/Contents/Home/jre/lib/deploy.jar:/Library/Java/JavaVirtualMachines/jdk1.8.0_212.jdk/Contents/Home/jre/lib/ext/cldrdata.jar:/Library/Java/JavaVirtualMachines/jdk1.8.0_212.jdk/Contents/Home/jre/lib/ext/dnsns.jar:/Library/Java/JavaVirtualMachines/jdk1.8.0_212.jdk/Contents/Home/jre/lib/ext/jaccess.jar:/Library/Java/JavaVirtualMachines/jdk1.8.0_212.jdk/Contents/Home/jre/lib/ext/jfxrt.jar:/Library/Java/JavaVirtualMachines/jdk1.8.0_212.jdk/Contents/Home/jre/lib/ext/localedata.jar:/Library/Java/JavaVirtualMachines/jdk1.8.0_212.jdk/Contents/Home/jre/lib/ext/nashorn.jar:/Library/Java/JavaVirtualMachines/jdk1.8.0_212.jdk/Contents/Home/jre/lib/ext/sunec.jar:/Library/Java/JavaVirtualMachines/jdk1.8.0_212.jdk/Contents/Home/jre/lib/ext/sunjce_provider.jar:/Library/Java/JavaVirtualMachines/jdk1.8.0_212.jdk/Contents/Home/jre/lib/ext/sunpkcs11.jar:/Library/Java/JavaVirtualMachines/jdk1.8.0_212.jdk/Contents/Home/jre/lib/ext/zipfs.jar:/Library/Java/JavaVirtualMachines/jdk1.8.0_212.jdk/Contents/Home/jre/lib/javaws.jar:/Library/Java/JavaVirtualMachines/jdk1.8.0_212.jdk/Contents/Home/jre/lib/jce.jar:/Library/Java/JavaVirtualMachines/jdk1.8.0_212.jdk/Contents/Home/jre/lib/jfr.jar:/Library/Java/JavaVirtualMachines/jdk1.8.0_212.jdk/Contents/Home/jre/lib/jfxswt.jar:/Library/Java/JavaVirtualMachines/jdk1.8.0_212.jdk/Contents/Home/jre/lib/jsse.jar:/Library/Java/JavaVirtualMachines/jdk1.8.0_212.jdk/Contents/Home/jre/lib/management-agent.jar:/Library/Java/JavaVirtualMachines/jdk1.8.0_212.jdk/Contents/Home/jre/lib/plugin.jar:/Library/Java/JavaVirtualMachines/jdk1.8.0_212.jdk/Contents/Home/jre/lib/resources.jar:/Library/Java/JavaVirtualMachines/jdk1.8.0_212.jdk/Contents/Home/jre/lib/rt.jar:/Library/Java/JavaVirtualMachines/jdk1.8.0_212.jdk/Contents/Home/lib/ant-javafx.jar:/Library/Java/JavaVirtualMachines/jdk1.8.0_212.jdk/Contents/Home
Launcher Type: SUN_STANDARD

Environment Variables:
JAVA_HOME=/Library/Java/JavaVirtualMachines/jdk1.8.0_212.jdk/Contents/Home
PATH=/opt/apache-maven-3.6.3/bin:/Library/Frameworks/Python.framework/Versions/3.7/bin:/usr/local/bin:/usr/bin:/bin:/usr/sbin:/sbin:/Users/zhaoqing/Library/Android/sdk/emulator:/Users/zhaoqing/Library/Android/sdk/tools:/Users/zhaoqing/Library/Android/sdk/tools/bin:/Users/zhaoqing/Library/Android/sdk/platform-tools
SHELL=/bin/bash

Signal Handlers:
SIGSEGV: [libjvm.dylib+0x5b71a7], sa_mask[0]=11111111011111110111111111111111, sa_flags=SA_ONSTACK|SA_RESTART|SA_SIGINFO
SIGBUS: [libjvm.dylib+0x5b71a7], sa_mask[0]=11111111011111110111111111111111, sa_flags=SA_RESTART|SA_SIGINFO
SIGFPE: [libjvm.dylib+0x48c8fc], sa_mask[0]=11111111011111110111111111111111, sa_flags=SA_RESTART|SA_SIGINFO
SIGPIPE: [libjvm.dylib+0x48c8fc], sa_mask[0]=11111111011111110111111111111111, sa_flags=SA_RESTART|SA_SIGINFO
SIGXFSZ: [libjvm.dylib+0x48c8fc], sa_mask[0]=11111111011111110111111111111111, sa_flags=SA_RESTART|SA_SIGINFO
SIGILL: [libjvm.dylib+0x48c8fc], sa_mask[0]=11111111011111110111111111111111, sa_flags=SA_RESTART|SA_SIGINFO
SIGUSR1: SIG_DFL, sa_mask[0]=00000000000000000000000000000000, sa_flags=none
SIGUSR2: [libjvm.dylib+0x48c41a], sa_mask[0]=00100000000000000000000000000000, sa_flags=SA_RESTART|SA_SIGINFO
SIGHUP: [libjvm.dylib+0x48a9a5], sa_mask[0]=11111111011111110111111111111111, sa_flags=SA_RESTART|SA_SIGINFO
SIGINT: [libjvm.dylib+0x48a9a5], sa_mask[0]=11111111011111110111111111111111, sa_flags=SA_RESTART|SA_SIGINFO
SIGTERM: [libjvm.dylib+0x48a9a5], sa_mask[0]=11111111011111110111111111111111, sa_flags=SA_RESTART|SA_SIGINFO
SIGQUIT: [libjvm.dylib+0x48a9a5], sa_mask[0]=11111111011111110111111111111111, sa_flags=SA_RESTART|SA_SIGINFO


---------------  S Y S T E M  ---------------

OS:Bsduname:Darwin 19.6.0 Darwin Kernel Version 19.6.0: Thu Jun 18 20:49:00 PDT 2020; root:xnu-6153.141.1~1/RELEASE_X86_64 x86_64
rlimit: STACK 8192k, CORE 0k, NPROC 1392, NOFILE 10240, AS infinity
load average:2.90 2.35 2.38

CPU:total 4 (initial active 4) (2 cores per cpu, 2 threads per core) family 6 model 61 stepping 4, cmov, cx8, fxsr, mmx, sse, sse2, sse3, ssse3, sse4.1, sse4.2, popcnt, avx, avx2, aes, clmul, erms, rtm, 3dnowpref, lzcnt, ht, tsc, tscinvbit, bmi1, bmi2, adx

Memory: 4k page, physical 8388608k(26908k free)

/proc/meminfo:


vm_info: Java HotSpot(TM) 64-Bit Server VM (25.212-b10) for bsd-amd64 JRE (1.8.0_212-b10), built on Apr  1 2019 23:10:56 by "java_re" with gcc 4.2.1 (Based on Apple Inc. build 5658) (LLVM build 2336.11.00)

time: Thu Dec 31 14:22:56 2020
timezone: CST
elapsed time: 84 seconds (0d 0h 1m 24s)

